Using pre-set license
Built from '2020.3/staging' branch; Version is '2020.3.33f1 (915a7af8b0d5) revision 9525882'; Using compiler version '192528614'; Build Type 'Release'
OS: 'Windows 10  (10.0.19043) 64bit Core' Language: 'en' Physical Memory: 32700 MB
BatchMode: 1, IsHumanControllingUs: 0, StartBugReporterOnCrash: 0, Is64bit: 1, IsPro: 0

COMMAND LINE ARGUMENTS:
C:\Program Files\Unity\2020.3.33f1\Editor\Unity.exe
-adb2
-batchMode
-noUpm
-name
AssetImportWorker0
-projectPath
C:/Users/maxto/OneDrive/Documents/Uni/Year 3/MR/AR Test Project
-logFile
Logs/AssetImportWorker0.log
-srvPort
11066
Successfully changed project path to: C:/Users/maxto/OneDrive/Documents/Uni/Year 3/MR/AR Test Project
C:/Users/maxto/OneDrive/Documents/Uni/Year 3/MR/AR Test Project
Using Asset Import Pipeline V2.
Unable to join player connection multicast group.
Unable to join player connection alternative multicast group.
Refreshing native plugins compatible for Editor in 70.05 ms, found 11 plugins.
Preloading 0 native plugins for Editor in 0.00 ms.
Initialize engine version: 2020.3.33f1 (915a7af8b0d5)
[Subsystems] Discovering subsystems at path C:/Program Files/Unity/2020.3.33f1/Editor/Data/Resources/UnitySubsystems
[Subsystems] Discovering subsystems at path C:/Users/maxto/OneDrive/Documents/Uni/Year 3/MR/AR Test Project/Assets
GfxDevice: creating device client; threaded=0
Direct3D:
    Version:  Direct3D 11.0 [level 11.1]
    Renderer: NVIDIA GeForce GTX 1070 (ID=0x1b81)
    Vendor:   
    VRAM:     8088 MB
    Driver:   31.0.15.1694
Initialize mono
Mono path[0] = 'C:/Program Files/Unity/2020.3.33f1/Editor/Data/Managed'
Mono path[1] = 'C:/Program Files/Unity/2020.3.33f1/Editor/Data/MonoBleedingEdge/lib/mono/unityjit'
Mono config path = 'C:/Program Files/Unity/2020.3.33f1/Editor/Data/MonoBleedingEdge/etc'
Using monoOptions --debugger-agent=transport=dt_socket,embedding=1,server=y,suspend=n,address=127.0.0.1:56284
Begin MonoManager ReloadAssembly
Registering precompiled unity dll's ...
Register platform support module: C:/Program Files/Unity/2020.3.33f1/Editor/Data/PlaybackEngines/WindowsStandaloneSupport/UnityEditor.WindowsStandalone.Extensions.dll
Registered in 0.001622 seconds.
Native extension for WindowsStandalone target not found
Refreshing native plugins compatible for Editor in 62.07 ms, found 11 plugins.
Preloading 0 native plugins for Editor in 0.00 ms.
Mono: successfully reloaded assembly
- Completed reload, in  0.472 seconds
Domain Reload Profiling:
	ReloadAssembly (473ms)
		BeginReloadAssembly (46ms)
			ExecutionOrderSort (0ms)
			DisableScriptedObjects (0ms)
			BackupInstance (0ms)
			ReleaseScriptingObjects (0ms)
			CreateAndSetChildDomain (1ms)
		EndReloadAssembly (371ms)
			LoadAssemblies (44ms)
			RebuildTransferFunctionScriptingTraits (0ms)
			SetupTypeCache (119ms)
			ReleaseScriptCaches (0ms)
			RebuildScriptCaches (22ms)
			SetupLoadedEditorAssemblies (156ms)
				LogAssemblyErrors (0ms)
				InitializePlatformSupportModulesInManaged (3ms)
				SetLoadedEditorAssemblies (0ms)
				RefreshPlugins (62ms)
				BeforeProcessingInitializeOnLoad (11ms)
				ProcessInitializeOnLoadAttributes (60ms)
				ProcessInitializeOnLoadMethodAttributes (20ms)
				AfterProcessingInitializeOnLoad (0ms)
				EditorAssembliesLoaded (0ms)
			ExecutionOrderSort2 (0ms)
			AwakeInstancesAfterBackupRestoration (0ms)
Platform modules already initialized, skipping
Registering precompiled user dll's ...
Registered in 0.009798 seconds.
Begin MonoManager ReloadAssembly
Symbol file LoadedFromMemory doesn't match image C:\Users\maxto\OneDrive\Documents\Uni\Year 3\MR\AR Test Project\Library\PackageCache\com.unity.collab-proxy@1.15.15\Lib\Editor\PlasticSCM\unityplastic.dll
Native extension for WindowsStandalone target not found
Refreshing native plugins compatible for Editor in 62.06 ms, found 11 plugins.
Preloading 0 native plugins for Editor in 0.00 ms.
[XR] [MROpenXR][Info   ][12:45:33.931976][tid:6f64] MeshProvider_RegisterLifecycleProvider
[XR] [MROpenXR][Info   ][12:45:33.932056][tid:6f64] InputProvider_RegisterLifecycleProvider
[XR] Error loading subsystem: Display (1) (header mismatch?)
[XR] [MROpenXR][Info   ][12:45:33.933423][tid:6f64] OnPluginStarted UnityVersion=2020.3.33f1 OpenXRPluginVersion=1.5.1 MROpenXRPluginVersion=1.5.0.0 PartA_PrivTags=33554432
Mono: successfully reloaded assembly
- Completed reload, in  1.793 seconds
Domain Reload Profiling:
	ReloadAssembly (1794ms)
		BeginReloadAssembly (114ms)
			ExecutionOrderSort (0ms)
			DisableScriptedObjects (3ms)
			BackupInstance (0ms)
			ReleaseScriptingObjects (0ms)
			CreateAndSetChildDomain (14ms)
		EndReloadAssembly (1631ms)
			LoadAssemblies (91ms)
			RebuildTransferFunctionScriptingTraits (0ms)
			SetupTypeCache (269ms)
			ReleaseScriptCaches (1ms)
			RebuildScriptCaches (56ms)
			SetupLoadedEditorAssemblies (1120ms)
				LogAssemblyErrors (0ms)
				InitializePlatformSupportModulesInManaged (3ms)
				SetLoadedEditorAssemblies (0ms)
				RefreshPlugins (62ms)
				BeforeProcessingInitializeOnLoad (101ms)
				ProcessInitializeOnLoadAttributes (917ms)
				ProcessInitializeOnLoadMethodAttributes (31ms)
				AfterProcessingInitializeOnLoad (6ms)
				EditorAssembliesLoaded (0ms)
			ExecutionOrderSort2 (0ms)
			AwakeInstancesAfterBackupRestoration (5ms)
Platform modules already initialized, skipping
========================================================================
Worker process is ready to serve import requests
Launched and connected shader compiler UnityShaderCompiler.exe after 0.03 seconds
Refreshing native plugins compatible for Editor in 0.89 ms, found 11 plugins.
Preloading 0 native plugins for Editor in 0.00 ms.
Unloading 4230 Unused Serialized files (Serialized files now loaded: 0)
System memory in use before: 175.5 MB.
System memory in use after: 175.7 MB.

Unloading 50 unused Assets to reduce memory usage. Loaded Objects now: 4680.
Total: 4.123600 ms (FindLiveObjects: 0.255000 ms CreateObjectMapping: 0.136100 ms MarkObjects: 3.670400 ms  DeleteObjects: 0.061700 ms)

AssetImportParameters requested are different than current active one (requested -> active):
  custom:framework-win-MediaFoundation: 216162199b28c13a410421893ffa2e32 -> 
  custom:video-decoder-ogg-theora: a1e56fd34408186e4bbccfd4996cb3dc -> 
  custom:container-muxer-webm: aa71ff27fc2769a1b78a27578f13a17b -> 
  custom:container-demuxer-webm: 4f35f7cbe854078d1ac9338744f61a02 -> 
  custom:container-demuxer-ogg: 62fdf1f143b41e24485cea50d1cbac27 -> 
  custom:video-encoder-webm-vp8: eb34c28f22e8b96e1ab97ce403110664 -> 
  custom:video-codec-MediaFoundation-h265: 746d11721c4dcdbdad8f713fa42b33f4 -> 
  custom:video-decoder-webm-vp8: 9c59270c3fd7afecdb556c50c9e8de78 -> 
  custom:audio-decoder-ogg-vorbis: bf7c407c2cedff20999df2af8eb42d56 -> 
  custom:audio-encoder-webm-vorbis: bf7c407c2cedff20999df2af8eb42d56 -> 
========================================================================
Received Import Request.
  path: Assets/Infima Games/Low Poly Shooter Pack - Free Sample/Art/Animations/Character/Handguns/A_FP_PCH_Handgun_Aim_Pose.fbx
  artifactKey: Guid(0c5985f59ad74e84aa65a4d310d13980) Importer(815301076,1909f56bfc062723c751e8b465ee728b)
Start importing Assets/Infima Games/Low Poly Shooter Pack - Free Sample/Art/Animations/Character/Handguns/A_FP_PCH_Handgun_Aim_Pose.fbx using Guid(0c5985f59ad74e84aa65a4d310d13980) Importer(815301076,1909f56bfc062723c751e8b465ee728b)  -> (artifact id: '3e7b13e9a6e152ed2421cf602ca28c3b') in 0.128864 seconds 
========================================================================
Received Import Request.
  Time since last request: 0.000169 seconds.
  path: Assets/Infima Games/Low Poly Shooter Pack - Free Sample/Art/Animations/Character/Handguns/A_FP_PCH_Handgun_Reload.fbx
  artifactKey: Guid(1961ef0ecc83d524c90f19106d6ca232) Importer(815301076,1909f56bfc062723c751e8b465ee728b)
Start importing Assets/Infima Games/Low Poly Shooter Pack - Free Sample/Art/Animations/Character/Handguns/A_FP_PCH_Handgun_Reload.fbx using Guid(1961ef0ecc83d524c90f19106d6ca232) Importer(815301076,1909f56bfc062723c751e8b465ee728b)  -> (artifact id: '352a0c955ff7bd1db25eeda5235caa18') in 0.033520 seconds 
========================================================================
Received Import Request.
  Time since last request: 0.000166 seconds.
  path: Assets/Infima Games/Low Poly Shooter Pack - Free Sample/Art/Animations/Character/_Common/A_FP_PCH_Aim_Walk_F.fbx
  artifactKey: Guid(d670add7c7092d94e8a19daee4f7160b) Importer(815301076,1909f56bfc062723c751e8b465ee728b)
Start importing Assets/Infima Games/Low Poly Shooter Pack - Free Sample/Art/Animations/Character/_Common/A_FP_PCH_Aim_Walk_F.fbx using Guid(d670add7c7092d94e8a19daee4f7160b) Importer(815301076,1909f56bfc062723c751e8b465ee728b)  -> (artifact id: '4060017f3c9e97cd20998a27f9d7db6b') in 0.039421 seconds 
========================================================================
Received Import Request.
  Time since last request: 0.000141 seconds.
  path: Assets/Infima Games/Low Poly Shooter Pack - Free Sample/Art/Animations/Character/_Common/A_FP_PCH_Aim_In_Transition.fbx
  artifactKey: Guid(f39c50a10cfb3fc42b61a61d5a00d00c) Importer(815301076,1909f56bfc062723c751e8b465ee728b)
Start importing Assets/Infima Games/Low Poly Shooter Pack - Free Sample/Art/Animations/Character/_Common/A_FP_PCH_Aim_In_Transition.fbx using Guid(f39c50a10cfb3fc42b61a61d5a00d00c) Importer(815301076,1909f56bfc062723c751e8b465ee728b)  -> (artifact id: '2ec8dd2417a79f83988108544122a3dc') in 0.027675 seconds 
========================================================================
Received Import Request.
  Time since last request: 0.000125 seconds.
  path: Assets/Infima Games/Low Poly Shooter Pack - Free Sample/Art/Animations/Character/_Common/A_FP_PCH_Aim_Idle.fbx
  artifactKey: Guid(08f6dd1ba7528b944847abc00740e80d) Importer(815301076,1909f56bfc062723c751e8b465ee728b)
Start importing Assets/Infima Games/Low Poly Shooter Pack - Free Sample/Art/Animations/Character/_Common/A_FP_PCH_Aim_Idle.fbx using Guid(08f6dd1ba7528b944847abc00740e80d) Importer(815301076,1909f56bfc062723c751e8b465ee728b)  -> (artifact id: 'd5427e1e9c3e00b1d23dbc35da8589d1') in 0.069195 seconds 
========================================================================
Received Import Request.
  Time since last request: 0.000136 seconds.
  path: Assets/Infima Games/Low Poly Shooter Pack - Free Sample/Art/Animations/Character/Handguns/A_FP_PCH_Handgun_Inspect.fbx
  artifactKey: Guid(6f72c15cb57c2ea488268d26e4919f14) Importer(815301076,1909f56bfc062723c751e8b465ee728b)
Start importing Assets/Infima Games/Low Poly Shooter Pack - Free Sample/Art/Animations/Character/Handguns/A_FP_PCH_Handgun_Inspect.fbx using Guid(6f72c15cb57c2ea488268d26e4919f14) Importer(815301076,1909f56bfc062723c751e8b465ee728b)  -> (artifact id: '41507e8496410bf29393433c89563fcd') in 0.042194 seconds 
========================================================================
Received Import Request.
  Time since last request: 0.000149 seconds.
  path: Assets/Infima Games/Low Poly Shooter Pack - Free Sample/Art/Animations/Character/Handguns/A_FP_PCH_Handgun_Idle_Pose.fbx
  artifactKey: Guid(0bd5170972f02c9498bbf3a1e7eb6992) Importer(815301076,1909f56bfc062723c751e8b465ee728b)
Start importing Assets/Infima Games/Low Poly Shooter Pack - Free Sample/Art/Animations/Character/Handguns/A_FP_PCH_Handgun_Idle_Pose.fbx using Guid(0bd5170972f02c9498bbf3a1e7eb6992) Importer(815301076,1909f56bfc062723c751e8b465ee728b)  -> (artifact id: 'f5be568302c5b4b7c995c5fdca1a7da1') in 0.024201 seconds 
========================================================================
Received Import Request.
  Time since last request: 0.000147 seconds.
  path: Assets/Infima Games/Low Poly Shooter Pack - Free Sample/Art/Animations/Character/Handguns/A_FP_PCH_Handgun_Holster.fbx
  artifactKey: Guid(7358a4bdadd43b445b699645a2d9a1e7) Importer(815301076,1909f56bfc062723c751e8b465ee728b)
Start importing Assets/Infima Games/Low Poly Shooter Pack - Free Sample/Art/Animations/Character/Handguns/A_FP_PCH_Handgun_Holster.fbx using Guid(7358a4bdadd43b445b699645a2d9a1e7) Importer(815301076,1909f56bfc062723c751e8b465ee728b)  -> (artifact id: '325df30649bcd1f18530a054a02e11d8') in 0.026363 seconds 
========================================================================
Received Import Request.
  Time since last request: 0.000174 seconds.
  path: Assets/Infima Games/Low Poly Shooter Pack - Free Sample/Art/Animations/Character/Handguns/A_FP_PCH_Handgun_Fire.fbx
  artifactKey: Guid(2613f806b0b3c254e81855c97b89bbcf) Importer(815301076,1909f56bfc062723c751e8b465ee728b)
Start importing Assets/Infima Games/Low Poly Shooter Pack - Free Sample/Art/Animations/Character/Handguns/A_FP_PCH_Handgun_Fire.fbx using Guid(2613f806b0b3c254e81855c97b89bbcf) Importer(815301076,1909f56bfc062723c751e8b465ee728b)  -> (artifact id: 'e328988c57f11e625589b59d456643e6') in 0.028249 seconds 
========================================================================
Received Import Request.
  Time since last request: 0.000138 seconds.
  path: Assets/Infima Games/Low Poly Shooter Pack - Free Sample/Art/Animations/Character/_Common/A_FP_PCH_Aim_Out_Transition.fbx
  artifactKey: Guid(5b85b1c9f32d1444ea3fe7fbddd544c0) Importer(815301076,1909f56bfc062723c751e8b465ee728b)
Start importing Assets/Infima Games/Low Poly Shooter Pack - Free Sample/Art/Animations/Character/_Common/A_FP_PCH_Aim_Out_Transition.fbx using Guid(5b85b1c9f32d1444ea3fe7fbddd544c0) Importer(815301076,1909f56bfc062723c751e8b465ee728b)  -> (artifact id: 'eb09ff9264655c743fd5ed49923d4924') in 0.026255 seconds 
========================================================================
Received Import Request.
  Time since last request: 0.000161 seconds.
  path: Assets/Infima Games/Low Poly Shooter Pack - Free Sample/Art/Animations/Character/_Common/A_FP_PCH_Fire_Empty.fbx
  artifactKey: Guid(ac4c302108621c14294ac65e8477101a) Importer(815301076,1909f56bfc062723c751e8b465ee728b)
Start importing Assets/Infima Games/Low Poly Shooter Pack - Free Sample/Art/Animations/Character/_Common/A_FP_PCH_Fire_Empty.fbx using Guid(ac4c302108621c14294ac65e8477101a) Importer(815301076,1909f56bfc062723c751e8b465ee728b)  -> (artifact id: '583e92c1021e64ac2bd6936098115ea5') in 0.026633 seconds 
========================================================================
Received Import Request.
  Time since last request: 0.000236 seconds.
  path: Assets/Infima Games/Low Poly Shooter Pack - Free Sample/Art/Animations/Character/Handguns/A_FP_PCH_Handgun_Aim_Fire.fbx
  artifactKey: Guid(ea6d984b0ce8e2842af48178ee2c22af) Importer(815301076,1909f56bfc062723c751e8b465ee728b)
Start importing Assets/Infima Games/Low Poly Shooter Pack - Free Sample/Art/Animations/Character/Handguns/A_FP_PCH_Handgun_Aim_Fire.fbx using Guid(ea6d984b0ce8e2842af48178ee2c22af) Importer(815301076,1909f56bfc062723c751e8b465ee728b)  -> (artifact id: 'bf56080908c18d9a549cf6c516dc8b42') in 0.027503 seconds 
AssetImportWorkerClient::OnTransportError - code=2 error=End of file
